<?xml version="1.0" encoding="UTF-8"?>
<!-- Generated by org.testng.reporters.JUnitXMLReporter -->
<testsuite ignored="0" hostname="DESKTOP-MGPVI9T" failures="0" tests="2" name="PetStoreTest" time="7.228" errors="0" timestamp="2023-11-25T18:42:33 IST">
  <testcase classname="Test.Pojo_CreateStoresTestScenarios" name="createPetOrderAndVerifyData2" time="4.779"/>
  <testcase classname="Test.Pojo_CreateStoresTestScenarios" name="createPetOrderAndVerifyData2" time="1.257"/>
</testsuite> <!-- PetStoreTest -->
