<?xml version="1.0" encoding="UTF-8"?>
<testng-results ignored="0" total="2" passed="2" failed="0" skipped="0">
  <reporter-output>
  </reporter-output>
  <suite started-at="2023-11-25T18:42:26 IST" name="PetStore2" finished-at="2023-11-25T18:42:33 IST" duration-ms="7228">
    <groups>
    </groups>
    <test started-at="2023-11-25T18:42:26 IST" name="PetStoreTest" finished-at="2023-11-25T18:42:33 IST" duration-ms="7228">
      <class name="Test.Pojo_CreateStoresTestScenarios">
        <test-method signature="createPetOrderAndVerifyData2(Pojo.Pojo_CraeteStores)[pri:0, instance:Test.Pojo_CreateStoresTestScenarios@1e7aa82b]" started-at="2023-11-25T18:42:27 IST" name="createPetOrderAndVerifyData2" data-provider="createPetOrderDataTestScenarios" finished-at="2023-11-25T18:42:32 IST" duration-ms="4779" status="PASS">
          <params>
            <param index="0">
              <value>
                <![CDATA[Pojo_CraeteStores(id=12, petId=20, quantity=10, shipDate=2023-11-21T09:51:58.683Z, status=placed, complete=true)]]>
              </value>
            </param>
          </params>
          <reporter-output>
          </reporter-output>
        </test-method> <!-- createPetOrderAndVerifyData2 -->
        <test-method signature="createPetOrderAndVerifyData2(Pojo.Pojo_CraeteStores)[pri:0, instance:Test.Pojo_CreateStoresTestScenarios@1e7aa82b]" started-at="2023-11-25T18:42:32 IST" name="createPetOrderAndVerifyData2" data-provider="createPetOrderDataTestScenarios" finished-at="2023-11-25T18:42:33 IST" duration-ms="1257" status="PASS">
          <params>
            <param index="0">
              <value>
                <![CDATA[Pojo_CraeteStores(id=null, petId=20, quantity=10, shipDate=2023-11-21T09:51:58.683Z, status=placed, complete=true)]]>
              </value>
            </param>
          </params>
          <reporter-output>
          </reporter-output>
        </test-method> <!-- createPetOrderAndVerifyData2 -->
      </class> <!-- Test.Pojo_CreateStoresTestScenarios -->
    </test> <!-- PetStoreTest -->
  </suite> <!-- PetStore2 -->
</testng-results>
